<?xml version="1.0" encoding="UTF-8"?>
<robot generator="Robot 3.1 (Python 3.7.1 on win32)" generated="20191023 17:05:59.827" rpa="false">
<suite id="s1" name="Testlab" source="D:\603020303-6 QA\Lab12eiei\testlab.robot">
<test id="s1-t1" name="Go To homepage">
<kw name="Open Browser" library="SeleniumLibrary">
<doc>Opens a new browser instance to the given ``url``.</doc>
<arguments>
<arg>${HOMEPAGE}</arg>
<arg>${BROWSER}</arg>
</arguments>
<msg timestamp="20191023 17:05:59.949" level="INFO">Opening browser 'chrome' to base url 'https://www.google.co.th'.</msg>
<status status="PASS" starttime="20191023 17:05:59.948" endtime="20191023 17:06:03.456"></status>
</kw>
<status status="PASS" starttime="20191023 17:05:59.948" endtime="20191023 17:06:03.457" critical="yes"></status>
</test>
<test id="s1-t2" name="Google Page Should Be Open">
<kw name="Location Should Contain" library="SeleniumLibrary">
<doc>Verifies that current URL contains ``expected``.</doc>
<arguments>
<arg>${HOMEPAGE}</arg>
</arguments>
<msg timestamp="20191023 17:06:03.464" level="INFO">Current location contains 'https://www.google.co.th'.</msg>
<status status="PASS" starttime="20191023 17:06:03.460" endtime="20191023 17:06:03.464"></status>
</kw>
<kw name="Title Should Be" library="SeleniumLibrary">
<doc>Verifies that current page title equals ``title``.</doc>
<arguments>
<arg>Google</arg>
</arguments>
<msg timestamp="20191023 17:06:03.468" level="INFO">Page title is 'Google'.</msg>
<status status="PASS" starttime="20191023 17:06:03.464" endtime="20191023 17:06:03.468"></status>
</kw>
<status status="PASS" starttime="20191023 17:06:03.460" endtime="20191023 17:06:03.468" critical="yes"></status>
</test>
<test id="s1-t3" name="Input URL">
<kw name="Input CS">
<arguments>
<arg>${CS URL}</arg>
</arguments>
<kw name="Input Text" library="SeleniumLibrary">
<doc>Types the given ``text`` into text field identified by ``locator``.</doc>
<arguments>
<arg>q</arg>
<arg>${input}</arg>
</arguments>
<msg timestamp="20191023 17:06:03.470" level="INFO">Typing text 'www.cs.kku.ac.th' into text field 'q'.</msg>
<status status="PASS" starttime="20191023 17:06:03.470" endtime="20191023 17:06:03.571"></status>
</kw>
<status status="PASS" starttime="20191023 17:06:03.469" endtime="20191023 17:06:03.571"></status>
</kw>
<kw name="Submit Form" library="SeleniumLibrary">
<doc>Submits a form identified by ``locator``.</doc>
<msg timestamp="20191023 17:06:03.571" level="INFO">Submitting form 'None'.</msg>
<status status="PASS" starttime="20191023 17:06:03.571" endtime="20191023 17:06:04.820"></status>
</kw>
<kw name="Wait Until Page Contains" library="SeleniumLibrary">
<doc>Waits until ``text`` appears on current page.</doc>
<arguments>
<arg>www.cs.kku.ac.th</arg>
</arguments>
<status status="PASS" starttime="20191023 17:06:04.822" endtime="20191023 17:06:04.873"></status>
</kw>
<kw name="Close Browser" library="SeleniumLibrary">
<doc>Closes the current browser.</doc>
<status status="PASS" starttime="20191023 17:06:04.874" endtime="20191023 17:06:07.028"></status>
</kw>
<status status="PASS" starttime="20191023 17:06:03.469" endtime="20191023 17:06:07.030" critical="yes"></status>
</test>
<status status="PASS" starttime="20191023 17:05:59.829" endtime="20191023 17:06:07.035"></status>
</suite>
<statistics>
<total>
<stat pass="3" fail="0">Critical Tests</stat>
<stat pass="3" fail="0">All Tests</stat>
</total>
<tag>
</tag>
<suite>
<stat pass="3" fail="0" id="s1" name="Testlab">Testlab</stat>
</suite>
</statistics>
<errors>
</errors>
</robot>
